2025-11-05 17:34:58 pid:1 Error: Call to a member function processMessage() on null in D:\Documents\7P\Fuel_Backend\app\WebSocket\PTSWebSocketHandler.php:162
Stack trace:
#0 D:\Documents\7P\Fuel_Backend\app\WebSocket\PTSWebSocketHandler.php(90): App\WebSocket\PTSWebSocketHandler->processPTSMessage(Array, Object(Workerman\Connection\TcpConnection))
#1 D:\Documents\7P\Fuel_Backend\vendor\workerman\workerman\src\Connection\TcpConnection.php(750): App\WebSocket\PTSWebSocketHandler->onMessage(Object(Workerman\Connection\TcpConnection), '{"Protocol":"js...')
#2 D:\Documents\7P\Fuel_Backend\vendor\workerman\workerman\src\Events\Select.php(406): Workerman\Connection\TcpConnection->baseRead(Resource id #879)
#3 D:\Documents\7P\Fuel_Backend\vendor\workerman\workerman\src\Worker.php(1618): Workerman\Events\Select->run()
#4 D:\Documents\7P\Fuel_Backend\vendor\workerman\workerman\src\Worker.php(1534): Workerman\Worker::forkWorkersForWindows()
#5 D:\Documents\7P\Fuel_Backend\vendor\workerman\workerman\src\Worker.php(601): Workerman\Worker::forkWorkers()
#6 D:\Documents\7P\Fuel_Backend\app\WebSocket\PTSWebSocketHandler.php(212): Workerman\Worker::runAll()
#7 D:\Documents\7P\Fuel_Backend\app\Console\Commands\StartPTSWebSocketCommand.php(30): App\WebSocket\PTSWebSocketHandler->run()
#8 D:\Documents\7P\Fuel_Backend\vendor\laravel\framework\src\Illuminate\Container\BoundMethod.php(36): App\Console\Commands\StartPTSWebSocketCommand->handle()
#9 D:\Documents\7P\Fuel_Backend\vendor\laravel\framework\src\Illuminate\Container\Util.php(43): Illuminate\Container\BoundMethod::Illuminate\Container\{closure}()
#10 D:\Documents\7P\Fuel_Backend\vendor\laravel\framework\src\Illuminate\Container\BoundMethod.php(95): Illuminate\Container\Util::unwrapIfClosure(Object(Closure))
#11 D:\Documents\7P\Fuel_Backend\vendor\laravel\framework\src\Illuminate\Container\BoundMethod.php(35): Illuminate\Container\BoundMethod::callBoundMethod(Object(Illuminate\Foundation\Application), Array, Object(Closure))
#12 D:\Documents\7P\Fuel_Backend\vendor\laravel\framework\src\Illuminate\Container\Container.php(696): Illuminate\Container\BoundMethod::call(Object(Illuminate\Foundation\Application), Array, Array, NULL)
#13 D:\Documents\7P\Fuel_Backend\vendor\laravel\framework\src\Illuminate\Console\Command.php(213): Illuminate\Container\Container->call(Array)
#14 D:\Documents\7P\Fuel_Backend\vendor\symfony\console\Command\Command.php(318): Illuminate\Console\Command->execute(Object(Symfony\Component\Console\Input\ArgvInput), Object(Illuminate\Console\OutputStyle))
#15 D:\Documents\7P\Fuel_Backend\vendor\laravel\framework\src\Illuminate\Console\Command.php(182): Symfony\Component\Console\Command\Command->run(Object(Symfony\Component\Console\Input\ArgvInput), Object(Illuminate\Console\OutputStyle))
#16 D:\Documents\7P\Fuel_Backend\vendor\symfony\console\Application.php(1073): Illuminate\Console\Command->run(Object(Symfony\Component\Console\Input\ArgvInput), Object(Symfony\Component\Console\Output\ConsoleOutput))
#17 D:\Documents\7P\Fuel_Backend\vendor\symfony\console\Application.php(356): Symfony\Component\Console\Application->doRunCommand(Object(App\Console\Commands\StartPTSWebSocketCommand), Object(Symfony\Component\Console\Input\ArgvInput), Object(Symfony\Component\Console\Output\ConsoleOutput))
#18 D:\Documents\7P\Fuel_Backend\vendor\symfony\console\Application.php(195): Symfony\Component\Console\Application->doRun(Object(Symfony\Component\Console\Input\ArgvInput), Object(Symfony\Component\Console\Output\ConsoleOutput))
#19 D:\Documents\7P\Fuel_Backend\vendor\laravel\framework\src\Illuminate\Foundation\Console\Kernel.php(198): Symfony\Component\Console\Application->run(Object(Symfony\Component\Console\Input\ArgvInput), Object(Symfony\Component\Console\Output\ConsoleOutput))
#20 D:\Documents\7P\Fuel_Backend\vendor\laravel\framework\src\Illuminate\Foundation\Application.php(1235): Illuminate\Foundation\Console\Kernel->handle(Object(Symfony\Component\Console\Input\ArgvInput), Object(Symfony\Component\Console\Output\ConsoleOutput))
#21 D:\Documents\7P\Fuel_Backend\artisan(13): Illuminate\Foundation\Application->handleCommand(Object(Symfony\Component\Console\Input\ArgvInput))
#22 {main}
